{
  "stats": {
    "suites": 3,
    "tests": 9,
    "passes": 0,
    "pending": 0,
    "failures": 9,
    "start": "2024-06-10T01:02:52.680Z",
    "end": "2024-06-10T01:03:08.124Z",
    "duration": 15444,
    "testsRegistered": 9,
    "passPercent": 0,
    "pendingPercent": 0,
    "other": 0,
    "hasOther": false,
    "skipped": 0,
    "hasSkipped": false
  },
  "results": [
    {
      "uuid": "36e4f315-e1b0-45bc-b065-6547a88780df",
      "title": "",
      "fullFile": "",
      "file": "",
      "beforeHooks": [],
      "afterHooks": [],
      "tests": [],
      "suites": [
        {
          "uuid": "daddff21-b68f-4037-a27b-d9295a2b99fa",
          "title": "Add item to cart test",
          "fullFile": "C:\\Users\\asuszenbook\\Swag LabTest Automation\\test\\customerPurchase.js",
          "file": "\\test\\customerPurchase.js",
          "beforeHooks": [],
          "afterHooks": [],
          "tests": [
            {
              "title": "Login",
              "fullTitle": "Add item to cart test Login",
              "timedOut": false,
              "duration": 6548,
              "state": "failed",
              "speed": null,
              "pass": false,
              "fail": true,
              "pending": false,
              "context": null,
              "code": "driver = await new Builder().forBrowser(\"chrome\").build();\n        await driver.manage().window().maximize();\n        await driver.get(\"https://www.saucedemo.com/checkout-complete.html\");\n        await driver.findElement(By.id(\"user-name\")).sendKeys(\"standard_user\", Key.RETURN);\n        await driver.findElement(By.id(\"password\")).sendKeys(\"secret_sauce\",Key.RETURN);\n        // await StylePropertyMap\n        \n        await driver.findElement(By.id(\"login-button\")).click();\n        \n        // Verify successful login\n        let element = await driver.wait(until.elementLocated(By.xpath(\"//*[@id='header_container']/div[1]/div[2]/div\")), 10000)\n        let actualTxt = await element.getText();\n        let expectedTxt = \"Swag Labs\";\n        expect(actualTxt).to.equal(expectedTxt);",
              "err": {
                "message": "NoSuchElementError: no such element: Unable to locate element: {\"method\":\"css selector\",\"selector\":\"*[id=\"login-button\"]\"}\n  (Session info: chrome=125.0.6422.142)",
                "estack": "NoSuchElementError: no such element: Unable to locate element: {\"method\":\"css selector\",\"selector\":\"*[id=\"login-button\"]\"}\n  (Session info: chrome=125.0.6422.142)\n    at Object.throwDecodedError (node_modules\\selenium-webdriver\\lib\\error.js:521:15)\n    at parseHttpResponse (node_modules\\selenium-webdriver\\lib\\http.js:514:13)\n    at Executor.execute (node_modules\\selenium-webdriver\\lib\\http.js:446:28)\n    at process.processTicksAndRejections (node:internal/process/task_queues:95:5)\n    at async Driver.execute (node_modules\\selenium-webdriver\\lib\\webdriver.js:740:17)\n    at async toWireValue (node_modules\\selenium-webdriver\\lib\\webdriver.js:146:15)\n    at async C:\\Users\\asuszenbook\\Swag LabTest Automation\\node_modules\\selenium-webdriver\\lib\\webdriver.js:192:16\n    at async forEachKey (node_modules\\selenium-webdriver\\lib\\webdriver.js:186:9)\n    at async convertKeys (node_modules\\selenium-webdriver\\lib\\webdriver.js:191:3)\n    at async Driver.execute (node_modules\\selenium-webdriver\\lib\\webdriver.js:738:22)\n    at async Context.<anonymous> (test\\customerPurchase.js:26:9)",
                "diff": null
              },
              "uuid": "58b82663-a2a2-4d44-8379-4b3270262659",
              "parentUUID": "daddff21-b68f-4037-a27b-d9295a2b99fa",
              "isHook": false,
              "skipped": false
            },
            {
              "title": "Add product",
              "fullTitle": "Add item to cart test Add product",
              "timedOut": false,
              "duration": 532,
              "state": "failed",
              "speed": null,
              "pass": false,
              "fail": true,
              "pending": false,
              "context": null,
              "code": "let prodCount = 3;\nawait driver.findElement(By.id(\"add-to-cart-sauce-labs-backpack\")).click();\nawait driver.findElement(By.id(\"add-to-cart-sauce-labs-bike-light\")).click();\nawait driver.findElement(By.id(\"add-to-cart-sauce-labs-bolt-t-shirt\")).click();\nlet  cartIcon = await driver.findElement(By.className(\"shopping_cart_link\"));\nlet cartTxt = await cartIcon.getText();\nlet cartNotificationCount = parseInt(cartTxt);\nexpect(cartNotificationCount).to.equal(prodCount);\nawait sleep(5000);",
              "err": {
                "message": "TypeError: expect is not a function",
                "estack": "TypeError: expect is not a function\n    at Context.<anonymous> (test\\customerPurchase.js:51:9)\n    at process.processTicksAndRejections (node:internal/process/task_queues:95:5)",
                "diff": null
              },
              "uuid": "7a3cf943-2784-4800-a264-e27f0cc867af",
              "parentUUID": "daddff21-b68f-4037-a27b-d9295a2b99fa",
              "isHook": false,
              "skipped": false
            },
            {
              "title": "Proceed to Checkout",
              "fullTitle": "Add item to cart test Proceed to Checkout",
              "timedOut": false,
              "duration": 440,
              "state": "failed",
              "speed": null,
              "pass": false,
              "fail": true,
              "pending": false,
              "context": null,
              "code": "await driver.findElement(By.className(\"shopping_cart_link\")).click();\n        await driver.executeScript(\"window.scrollTo(0, document.body.scrollHeight)\");\n        await driver.findElement(By.id(\"checkout\")).click();\n        //CheckOut Info\n        await driver.findElement(By.id(\"first-name\")).sendKeys(\"John\", Key.RETURN);\n        await driver.findElement(By.id(\"last-name\")).sendKeys(\"Doe\", Key.RETURN);\n        await driver.findElement(By.id(\"postal-code\")).sendKeys(\"15140\", Key.RETURN);\n        await driver.executeScript(\"window.scrollTo(0, document.body.scrollHeight)\");\n        await  driver.findElement(By.id(\"continue\")).click();\n        //checkout overview  \n        await driver.executeScript(\"window.scrollTo(0, document.body.scrollHeight)\");   \n        await driver.sleep(5000);\n        await  driver.findElement(By.id(\"finish\")).click();   \n        \n        let msg = await driver.wait(until.elementsLocated(By.xpath(\"//*[@id='checkout_complete_container']/h2\")));\n        let successfulMsg = await msg.getText();\n         let expectedMsg = \"Thank you for your order!\";\n         expect(successfulMsg).to.equal(expectedMsg);\n         await sleep(5000);\n         \n     await driver.quit();",
              "err": {
                "message": "NoSuchElementError: no such element: Unable to locate element: {\"method\":\"css selector\",\"selector\":\"*[id=\"last-name\"]\"}\n  (Session info: chrome=125.0.6422.142)",
                "estack": "NoSuchElementError: no such element: Unable to locate element: {\"method\":\"css selector\",\"selector\":\"*[id=\"last-name\"]\"}\n  (Session info: chrome=125.0.6422.142)\n    at Object.throwDecodedError (node_modules\\selenium-webdriver\\lib\\error.js:521:15)\n    at parseHttpResponse (node_modules\\selenium-webdriver\\lib\\http.js:514:13)\n    at Executor.execute (node_modules\\selenium-webdriver\\lib\\http.js:446:28)\n    at process.processTicksAndRejections (node:internal/process/task_queues:95:5)\n    at async Driver.execute (node_modules\\selenium-webdriver\\lib\\webdriver.js:740:17)\n    at async toWireValue (node_modules\\selenium-webdriver\\lib\\webdriver.js:146:15)\n    at async C:\\Users\\asuszenbook\\Swag LabTest Automation\\node_modules\\selenium-webdriver\\lib\\webdriver.js:192:16\n    at async forEachKey (node_modules\\selenium-webdriver\\lib\\webdriver.js:186:9)\n    at async convertKeys (node_modules\\selenium-webdriver\\lib\\webdriver.js:191:3)\n    at async Driver.execute (node_modules\\selenium-webdriver\\lib\\webdriver.js:738:22)\n    at async Context.<anonymous> (test\\customerPurchase.js:67:9)",
                "diff": null
              },
              "uuid": "e9bf6cdc-651b-493b-a2c9-9bad9888ec1a",
              "parentUUID": "daddff21-b68f-4037-a27b-d9295a2b99fa",
              "isHook": false,
              "skipped": false
            }
          ],
          "suites": [],
          "passes": [],
          "failures": [
            "58b82663-a2a2-4d44-8379-4b3270262659",
            "7a3cf943-2784-4800-a264-e27f0cc867af",
            "e9bf6cdc-651b-493b-a2c9-9bad9888ec1a"
          ],
          "pending": [],
          "skipped": [],
          "duration": 7520,
          "root": false,
          "rootEmpty": false,
          "_timeout": 0
        },
        {
          "uuid": "c35af998-173b-4cbb-95fc-216ba684254b",
          "title": "Add item to cart test",
          "fullFile": "C:\\Users\\asuszenbook\\Swag LabTest Automation\\test\\lockedOutUser.js",
          "file": "\\test\\lockedOutUser.js",
          "beforeHooks": [],
          "afterHooks": [],
          "tests": [
            {
              "title": "Login",
              "fullTitle": "Add item to cart test Login",
              "timedOut": false,
              "duration": 4031,
              "state": "failed",
              "speed": null,
              "pass": false,
              "fail": true,
              "pending": false,
              "context": null,
              "code": "driver = await new Builder().forBrowser(\"chrome\").build();\n        await driver.manage().window().maximize();\n        await driver.get(\"https://www.saucedemo.com/checkout-complete.html\");\n        await driver.findElement(By.id(\"user-name\")).sendKeys(\"locked_out_user\", Key.RETURN);\n        await driver.findElement(By.id(\"password\")).sendKeys(\"secret_sauce\",Key.RETURN);\n        await driver.findElement(By.id(\"login-button\")).click();\n        \n        \n        let element = await driver.wait(until.elementLocated(By.className(\"error-button\")), 10000)\n        let elementTxt = await element.getText();\n        let errorMsg = await elementTxt.isDisplayed();\n        expect(errorMsg).to.be.true;",
              "err": {
                "message": "TypeError: elementTxt.isDisplayed is not a function",
                "estack": "TypeError: elementTxt.isDisplayed is not a function\n    at Context.<anonymous> (test\\lockedOutUser.js:30:41)\n    at process.processTicksAndRejections (node:internal/process/task_queues:95:5)",
                "diff": null
              },
              "uuid": "ff993cdf-6f0e-45e0-ae1a-c6693b6dd681",
              "parentUUID": "c35af998-173b-4cbb-95fc-216ba684254b",
              "isHook": false,
              "skipped": false
            }
          ],
          "suites": [],
          "passes": [],
          "failures": [
            "ff993cdf-6f0e-45e0-ae1a-c6693b6dd681"
          ],
          "pending": [],
          "skipped": [],
          "duration": 4031,
          "root": false,
          "rootEmpty": false,
          "_timeout": 0
        },
        {
          "uuid": "2a3a0f12-fdac-4566-959c-82d8414c2bc0",
          "title": "Add item to cart test",
          "fullFile": "C:\\Users\\asuszenbook\\Swag LabTest Automation\\test\\sortItem.js",
          "file": "\\test\\sortItem.js",
          "beforeHooks": [],
          "afterHooks": [],
          "tests": [
            {
              "title": "Login",
              "fullTitle": "Add item to cart test Login",
              "timedOut": false,
              "duration": 3758,
              "state": "failed",
              "speed": null,
              "pass": false,
              "fail": true,
              "pending": false,
              "context": null,
              "code": "driver = await new Builder().forBrowser(\"chrome\").build();\n        await driver.manage().window().maximize();\n        await driver.get(\"https://www.saucedemo.com/checkout-complete.html\");\n        await driver.findElement(By.id(\"user-name\")).sendKeys(\"standard_user\", Key.RETURN);\n        await driver.findElement(By.id(\"password\")).sendKeys(\"secret_sauce\",Key.RETURN);\n        await driver.findElement(By.id(\"login-button\")).click();\n        \n        // Verify successful login\n        let element = await driver.wait(until.elementsLocated(By.xpath(\"//*[@id='header_container']/div[1]/div[2]/div\")), 10000)\n        let actualTxt = await element.getText();\n        let expectedTxt = \"Swag Labs\";\n        expect(actualTxt).to.equal(expectedTxt);",
              "err": {
                "message": "NoSuchWindowError: no such window: target window already closed\nfrom unknown error: web view not found\n  (Session info: chrome=125.0.6422.142)",
                "estack": "NoSuchWindowError: no such window: target window already closed\nfrom unknown error: web view not found\n  (Session info: chrome=125.0.6422.142)\n    at Object.throwDecodedError (node_modules\\selenium-webdriver\\lib\\error.js:521:15)\n    at parseHttpResponse (node_modules\\selenium-webdriver\\lib\\http.js:514:13)\n    at Executor.execute (node_modules\\selenium-webdriver\\lib\\http.js:446:28)\n    at process.processTicksAndRejections (node:internal/process/task_queues:95:5)\n    at async Driver.execute (node_modules\\selenium-webdriver\\lib\\webdriver.js:740:17)\n    at async Context.<anonymous> (test\\sortItem.js:22:9)",
                "diff": null
              },
              "uuid": "dcd82b38-1507-4d02-bafa-e9418fec7b93",
              "parentUUID": "2a3a0f12-fdac-4566-959c-82d8414c2bc0",
              "isHook": false,
              "skipped": false
            },
            {
              "title": "Name (A to Z) sorting",
              "fullTitle": "Add item to cart test Name (A to Z) sorting",
              "timedOut": false,
              "duration": 36,
              "state": "failed",
              "speed": null,
              "pass": false,
              "fail": true,
              "pending": false,
              "context": null,
              "code": "await driver.get(\"https://www.saucedemo.com/inventory.html\");\n\nlet productElements = await driver.findElements(By.className(\"inventory_item_name\"));   // default sorting settings\nlet originalItems = await Promise.all(productElements.map(async (element) => await element.getText()));\n// Sorting according 4 criteria dynamically\nawait driver.findElement(By.className(\"product_sort_container\")).click();\nawait driver.findElement(By.xpath(`//option[contains(text(),'${optionTxt}')]`)).click();\n// storing the sorted items\nlet sortedElements = await driver.findElements(By.className(\"inventory_item_name\"));\nlet sortedItems = await Promise.all(sortedElements.map(async (element) => await element.getText()));\n// Verification of the sorted list\nlet expectedSortedItems = originalItems.slice().sort(expectedOrder);\nexpect(sortedItems).to.deep.equal(expectedSortedItems);",
              "err": {
                "message": "NoSuchWindowError: no such window: target window already closed\nfrom unknown error: web view not found\n  (Session info: chrome=125.0.6422.142)",
                "estack": "NoSuchWindowError: no such window: target window already closed\nfrom unknown error: web view not found\n  (Session info: chrome=125.0.6422.142)\n    at Object.throwDecodedError (node_modules\\selenium-webdriver\\lib\\error.js:521:15)\n    at parseHttpResponse (node_modules\\selenium-webdriver\\lib\\http.js:514:13)\n    at Executor.execute (node_modules\\selenium-webdriver\\lib\\http.js:446:28)\n    at process.processTicksAndRejections (node:internal/process/task_queues:95:5)\n    at async Driver.execute (node_modules\\selenium-webdriver\\lib\\webdriver.js:740:17)\n    at async Context.<anonymous> (test\\sortItem.js:50:13)",
                "diff": null
              },
              "uuid": "424e572f-5555-43a3-94c3-5b05108e9037",
              "parentUUID": "2a3a0f12-fdac-4566-959c-82d8414c2bc0",
              "isHook": false,
              "skipped": false
            },
            {
              "title": "Name (Z to A) sorting",
              "fullTitle": "Add item to cart test Name (Z to A) sorting",
              "timedOut": false,
              "duration": 12,
              "state": "failed",
              "speed": null,
              "pass": false,
              "fail": true,
              "pending": false,
              "context": null,
              "code": "await driver.get(\"https://www.saucedemo.com/inventory.html\");\n\nlet productElements = await driver.findElements(By.className(\"inventory_item_name\"));   // default sorting settings\nlet originalItems = await Promise.all(productElements.map(async (element) => await element.getText()));\n// Sorting according 4 criteria dynamically\nawait driver.findElement(By.className(\"product_sort_container\")).click();\nawait driver.findElement(By.xpath(`//option[contains(text(),'${optionTxt}')]`)).click();\n// storing the sorted items\nlet sortedElements = await driver.findElements(By.className(\"inventory_item_name\"));\nlet sortedItems = await Promise.all(sortedElements.map(async (element) => await element.getText()));\n// Verification of the sorted list\nlet expectedSortedItems = originalItems.slice().sort(expectedOrder);\nexpect(sortedItems).to.deep.equal(expectedSortedItems);",
              "err": {
                "message": "NoSuchWindowError: no such window: target window already closed\nfrom unknown error: web view not found\n  (Session info: chrome=125.0.6422.142)",
                "estack": "NoSuchWindowError: no such window: target window already closed\nfrom unknown error: web view not found\n  (Session info: chrome=125.0.6422.142)\n    at Object.throwDecodedError (node_modules\\selenium-webdriver\\lib\\error.js:521:15)\n    at parseHttpResponse (node_modules\\selenium-webdriver\\lib\\http.js:514:13)\n    at Executor.execute (node_modules\\selenium-webdriver\\lib\\http.js:446:28)\n    at process.processTicksAndRejections (node:internal/process/task_queues:95:5)\n    at async Driver.execute (node_modules\\selenium-webdriver\\lib\\webdriver.js:740:17)\n    at async Context.<anonymous> (test\\sortItem.js:50:13)",
                "diff": null
              },
              "uuid": "75d5dfe0-3778-4e5f-a6d7-e3ce32c5494f",
              "parentUUID": "2a3a0f12-fdac-4566-959c-82d8414c2bc0",
              "isHook": false,
              "skipped": false
            },
            {
              "title": "Price (low to high) sorting",
              "fullTitle": "Add item to cart test Price (low to high) sorting",
              "timedOut": false,
              "duration": 4,
              "state": "failed",
              "speed": null,
              "pass": false,
              "fail": true,
              "pending": false,
              "context": null,
              "code": "await driver.get(\"https://www.saucedemo.com/inventory.html\");\n\nlet productElements = await driver.findElements(By.className(\"inventory_item_name\"));   // default sorting settings\nlet originalItems = await Promise.all(productElements.map(async (element) => await element.getText()));\n// Sorting according 4 criteria dynamically\nawait driver.findElement(By.className(\"product_sort_container\")).click();\nawait driver.findElement(By.xpath(`//option[contains(text(),'${optionTxt}')]`)).click();\n// storing the sorted items\nlet sortedElements = await driver.findElements(By.className(\"inventory_item_name\"));\nlet sortedItems = await Promise.all(sortedElements.map(async (element) => await element.getText()));\n// Verification of the sorted list\nlet expectedSortedItems = originalItems.slice().sort(expectedOrder);\nexpect(sortedItems).to.deep.equal(expectedSortedItems);",
              "err": {
                "message": "NoSuchWindowError: no such window: target window already closed\nfrom unknown error: web view not found\n  (Session info: chrome=125.0.6422.142)",
                "estack": "NoSuchWindowError: no such window: target window already closed\nfrom unknown error: web view not found\n  (Session info: chrome=125.0.6422.142)\n    at Object.throwDecodedError (node_modules\\selenium-webdriver\\lib\\error.js:521:15)\n    at parseHttpResponse (node_modules\\selenium-webdriver\\lib\\http.js:514:13)\n    at Executor.execute (node_modules\\selenium-webdriver\\lib\\http.js:446:28)\n    at process.processTicksAndRejections (node:internal/process/task_queues:95:5)\n    at async Driver.execute (node_modules\\selenium-webdriver\\lib\\webdriver.js:740:17)\n    at async Context.<anonymous> (test\\sortItem.js:50:13)",
                "diff": null
              },
              "uuid": "461d0976-2552-4d3a-a40e-ff6c6ff7b2eb",
              "parentUUID": "2a3a0f12-fdac-4566-959c-82d8414c2bc0",
              "isHook": false,
              "skipped": false
            },
            {
              "title": "Price (high to low) sorting",
              "fullTitle": "Add item to cart test Price (high to low) sorting",
              "timedOut": false,
              "duration": 28,
              "state": "failed",
              "speed": null,
              "pass": false,
              "fail": true,
              "pending": false,
              "context": null,
              "code": "await driver.get(\"https://www.saucedemo.com/inventory.html\");\n\nlet productElements = await driver.findElements(By.className(\"inventory_item_name\"));   // default sorting settings\nlet originalItems = await Promise.all(productElements.map(async (element) => await element.getText()));\n// Sorting according 4 criteria dynamically\nawait driver.findElement(By.className(\"product_sort_container\")).click();\nawait driver.findElement(By.xpath(`//option[contains(text(),'${optionTxt}')]`)).click();\n// storing the sorted items\nlet sortedElements = await driver.findElements(By.className(\"inventory_item_name\"));\nlet sortedItems = await Promise.all(sortedElements.map(async (element) => await element.getText()));\n// Verification of the sorted list\nlet expectedSortedItems = originalItems.slice().sort(expectedOrder);\nexpect(sortedItems).to.deep.equal(expectedSortedItems);",
              "err": {
                "message": "NoSuchWindowError: no such window: target window already closed\nfrom unknown error: web view not found\n  (Session info: chrome=125.0.6422.142)",
                "estack": "NoSuchWindowError: no such window: target window already closed\nfrom unknown error: web view not found\n  (Session info: chrome=125.0.6422.142)\n    at Object.throwDecodedError (node_modules\\selenium-webdriver\\lib\\error.js:521:15)\n    at parseHttpResponse (node_modules\\selenium-webdriver\\lib\\http.js:514:13)\n    at Executor.execute (node_modules\\selenium-webdriver\\lib\\http.js:446:28)\n    at process.processTicksAndRejections (node:internal/process/task_queues:95:5)\n    at async Driver.execute (node_modules\\selenium-webdriver\\lib\\webdriver.js:740:17)\n    at async Context.<anonymous> (test\\sortItem.js:50:13)",
                "diff": null
              },
              "uuid": "57f4768e-359f-47a8-9832-fbcb66d7c4b0",
              "parentUUID": "2a3a0f12-fdac-4566-959c-82d8414c2bc0",
              "isHook": false,
              "skipped": false
            }
          ],
          "suites": [],
          "passes": [],
          "failures": [
            "dcd82b38-1507-4d02-bafa-e9418fec7b93",
            "424e572f-5555-43a3-94c3-5b05108e9037",
            "75d5dfe0-3778-4e5f-a6d7-e3ce32c5494f",
            "461d0976-2552-4d3a-a40e-ff6c6ff7b2eb",
            "57f4768e-359f-47a8-9832-fbcb66d7c4b0"
          ],
          "pending": [],
          "skipped": [],
          "duration": 3838,
          "root": false,
          "rootEmpty": false,
          "_timeout": 0
        }
      ],
      "passes": [],
      "failures": [],
      "pending": [],
      "skipped": [],
      "duration": 0,
      "root": true,
      "rootEmpty": true,
      "_timeout": 0
    }
  ],
  "meta": {
    "mocha": {
      "version": "10.4.0"
    },
    "mochawesome": {
      "options": {
        "quiet": false,
        "reportFilename": "mochawesome",
        "saveHtml": true,
        "saveJson": true,
        "consoleReporter": "spec",
        "useInlineDiffs": false,
        "code": true
      },
      "version": "7.1.3"
    },
    "marge": {
      "options": null,
      "version": "6.2.0"
    }
  }
}