{
  "stats": {
    "suites": 3,
    "tests": 9,
    "passes": 0,
    "pending": 0,
    "failures": 9,
    "start": "2024-06-10T00:11:52.016Z",
    "end": "2024-06-10T00:12:05.916Z",
    "duration": 13900,
    "testsRegistered": 9,
    "passPercent": 0,
    "pendingPercent": 0,
    "other": 0,
    "hasOther": false,
    "skipped": 0,
    "hasSkipped": false
  },
  "results": [
    {
      "uuid": "0ffd063d-42ee-49bf-bf0d-65f667577cb6",
      "title": "",
      "fullFile": "",
      "file": "",
      "beforeHooks": [],
      "afterHooks": [],
      "tests": [],
      "suites": [
        {
          "uuid": "e44c900f-2cc9-42d7-a781-716c629571a0",
          "title": "Add item to cart test",
          "fullFile": "C:\\Users\\asuszenbook\\Swag LabTest Automation\\test\\customerPurchase.js",
          "file": "\\test\\customerPurchase.js",
          "beforeHooks": [],
          "afterHooks": [],
          "tests": [
            {
              "title": "Login",
              "fullTitle": "Add item to cart test Login",
              "timedOut": false,
              "duration": 3452,
              "state": "failed",
              "speed": null,
              "pass": false,
              "fail": true,
              "pending": false,
              "context": null,
              "code": "driver = await new Builder().forBrowser(\"chrome\").build();\n        await driver.manage().window().maximize();\n        await driver.get(\"https://www.saucedemo.com/checkout-complete.html\");\n        await driver.findElement(By.id(\"user-name\")).sendKeys(\"standard_user\", Key.RETURN);\n        await driver.findElement(By.id(\"password\")).sendKeys(\"secret_sauce\",Key.RETURN);\n        // await StylePropertyMap\n        \n        await driver.findElement(By.id(\"login-button\")).click();\n        \n        // Verify successful login\n        let element = await driver.wait(until.elementLocated(By.xpath(\"//*[@id='header_container']/div[1]/div[2]/div\")), 10000)\n        let actualTxt = await element.getText();\n        let expectedTxt = \"Swag Labs\";\n        expect(actualTxt).to.equal(expectedTxt);",
              "err": {
                "message": "NoSuchElementError: no such element: Unable to locate element: {\"method\":\"css selector\",\"selector\":\"*[id=\"login-button\"]\"}\n  (Session info: chrome=125.0.6422.142)",
                "estack": "NoSuchElementError: no such element: Unable to locate element: {\"method\":\"css selector\",\"selector\":\"*[id=\"login-button\"]\"}\n  (Session info: chrome=125.0.6422.142)\n    at Object.throwDecodedError (node_modules\\selenium-webdriver\\lib\\error.js:521:15)\n    at parseHttpResponse (node_modules\\selenium-webdriver\\lib\\http.js:514:13)\n    at Executor.execute (node_modules\\selenium-webdriver\\lib\\http.js:446:28)\n    at process.processTicksAndRejections (node:internal/process/task_queues:95:5)\n    at async Driver.execute (node_modules\\selenium-webdriver\\lib\\webdriver.js:740:17)\n    at async toWireValue (node_modules\\selenium-webdriver\\lib\\webdriver.js:146:15)\n    at async C:\\Users\\asuszenbook\\Swag LabTest Automation\\node_modules\\selenium-webdriver\\lib\\webdriver.js:192:16\n    at async forEachKey (node_modules\\selenium-webdriver\\lib\\webdriver.js:186:9)\n    at async convertKeys (node_modules\\selenium-webdriver\\lib\\webdriver.js:191:3)\n    at async Driver.execute (node_modules\\selenium-webdriver\\lib\\webdriver.js:738:22)\n    at async Context.<anonymous> (test\\customerPurchase.js:26:9)",
                "diff": null
              },
              "uuid": "54ec9dc2-18a3-4f68-8298-83a0a6da5b5c",
              "parentUUID": "e44c900f-2cc9-42d7-a781-716c629571a0",
              "isHook": false,
              "skipped": false
            },
            {
              "title": "Add product",
              "fullTitle": "Add item to cart test Add product",
              "timedOut": false,
              "duration": 310,
              "state": "failed",
              "speed": null,
              "pass": false,
              "fail": true,
              "pending": false,
              "context": null,
              "code": "let prodCount = 3;\nawait driver.findElement(By.id(\"add-to-cart-sauce-labs-backpack\")).click();\nawait driver.findElement(By.id(\"add-to-cart-sauce-labs-bike-light\")).click();\nawait driver.findElement(By.id(\"add-to-cart-sauce-labs-bolt-t-shirt\")).click();\nlet  cartIcon = await driver.findElement(By.className(\"shopping_cart_link\"));\nlet cartTxt = await cartIcon.getText();\nlet cartNotificationCount = parseInt(cartTxt);\nexpect(cartNotificationCount).to.equal(prodCount);\nawait sleep(5000);",
              "err": {
                "message": "TypeError: expect is not a function",
                "estack": "TypeError: expect is not a function\n    at Context.<anonymous> (test\\customerPurchase.js:51:9)\n    at process.processTicksAndRejections (node:internal/process/task_queues:95:5)",
                "diff": null
              },
              "uuid": "3ba0479c-eefe-4c9b-a8a3-e48d578177e7",
              "parentUUID": "e44c900f-2cc9-42d7-a781-716c629571a0",
              "isHook": false,
              "skipped": false
            },
            {
              "title": "Proceed to Checkout",
              "fullTitle": "Add item to cart test Proceed to Checkout",
              "timedOut": false,
              "duration": 582,
              "state": "failed",
              "speed": null,
              "pass": false,
              "fail": true,
              "pending": false,
              "context": null,
              "code": "await driver.findElement(By.className(\"shopping_cart_link\")).click();\n        await driver.executeScript(\"window.scrollTo(0, document.body.scrollHeight)\");\n        await driver.findElement(By.id(\"checkout\")).click();\n        //CheckOut Info\n        await driver.findElement(By.id(\"first-name\")).sendKeys(\"John\", Key.RETURN);\n        await driver.findElement(By.id(\"last-name\")).sendKeys(\"Doe\", Key.RETURN);\n        await driver.findElement(By.id(\"postal-code\")).sendKeys(\"15140\", Key.RETURN);\n        await driver.executeScript(\"window.scrollTo(0, document.body.scrollHeight)\");\n        await  driver.findElement(By.id(\"continue\")).click();\n        //checkout overview  \n        await driver.executeScript(\"window.scrollTo(0, document.body.scrollHeight)\");   \n        await driver.sleep(5000);\n        await  driver.findElement(By.id(\"finish\")).click();   \n        \n        let msg = await driver.wait(until.elementsLocated(By.xpath(\"//*[@id='checkout_complete_container']/h2\")));\n        let successfulMsg = await msg.getText();\n         let expectedMsg = \"Thank you for your order!\";\n         expect(successfulMsg).to.equal(expectedMsg);\n         await sleep(5000);\n         \n     await driver.quit();",
              "err": {
                "message": "NoSuchElementError: no such element: Unable to locate element: {\"method\":\"css selector\",\"selector\":\"*[id=\"last-name\"]\"}\n  (Session info: chrome=125.0.6422.142)",
                "estack": "NoSuchElementError: no such element: Unable to locate element: {\"method\":\"css selector\",\"selector\":\"*[id=\"last-name\"]\"}\n  (Session info: chrome=125.0.6422.142)\n    at Object.throwDecodedError (node_modules\\selenium-webdriver\\lib\\error.js:521:15)\n    at parseHttpResponse (node_modules\\selenium-webdriver\\lib\\http.js:514:13)\n    at Executor.execute (node_modules\\selenium-webdriver\\lib\\http.js:446:28)\n    at process.processTicksAndRejections (node:internal/process/task_queues:95:5)\n    at async Driver.execute (node_modules\\selenium-webdriver\\lib\\webdriver.js:740:17)\n    at async toWireValue (node_modules\\selenium-webdriver\\lib\\webdriver.js:146:15)\n    at async C:\\Users\\asuszenbook\\Swag LabTest Automation\\node_modules\\selenium-webdriver\\lib\\webdriver.js:192:16\n    at async forEachKey (node_modules\\selenium-webdriver\\lib\\webdriver.js:186:9)\n    at async convertKeys (node_modules\\selenium-webdriver\\lib\\webdriver.js:191:3)\n    at async Driver.execute (node_modules\\selenium-webdriver\\lib\\webdriver.js:738:22)\n    at async Context.<anonymous> (test\\customerPurchase.js:67:9)",
                "diff": null
              },
              "uuid": "e80eaad0-eac0-4b54-b171-b1fd1806a774",
              "parentUUID": "e44c900f-2cc9-42d7-a781-716c629571a0",
              "isHook": false,
              "skipped": false
            }
          ],
          "suites": [],
          "passes": [],
          "failures": [
            "54ec9dc2-18a3-4f68-8298-83a0a6da5b5c",
            "3ba0479c-eefe-4c9b-a8a3-e48d578177e7",
            "e80eaad0-eac0-4b54-b171-b1fd1806a774"
          ],
          "pending": [],
          "skipped": [],
          "duration": 4344,
          "root": false,
          "rootEmpty": false,
          "_timeout": 0
        },
        {
          "uuid": "32ec728c-a694-4d1d-8290-f5105adc5ff3",
          "title": "Add item to cart test",
          "fullFile": "C:\\Users\\asuszenbook\\Swag LabTest Automation\\test\\lockedOutUser.js",
          "file": "\\test\\lockedOutUser.js",
          "beforeHooks": [],
          "afterHooks": [],
          "tests": [
            {
              "title": "Login",
              "fullTitle": "Add item to cart test Login",
              "timedOut": false,
              "duration": 3775,
              "state": "failed",
              "speed": null,
              "pass": false,
              "fail": true,
              "pending": false,
              "context": null,
              "code": "driver = await new Builder().forBrowser(\"chrome\").build();\n        await driver.manage().window().maximize();\n        await driver.get(\"https://www.saucedemo.com/checkout-complete.html\");\n        await driver.findElement(By.id(\"user-name\")).sendKeys(\"locked_out_user\", Key.RETURN);\n        await driver.findElement(By.id(\"password\")).sendKeys(\"secret_sauce\",Key.RETURN);\n        await driver.findElement(By.id(\"login-button\")).click();\n        \n        \n        let element = await driver.wait(until.elementLocated(By.className(\"error-button\")), 10000)\n        let elementTxt = await element.getText();\n        let errorMsg = await elementTxt.isDisplayed();\n        expect(errorMsg).to.be.true;",
              "err": {
                "message": "TypeError: elementTxt.isDisplayed is not a function",
                "estack": "TypeError: elementTxt.isDisplayed is not a function\n    at Context.<anonymous> (test\\lockedOutUser.js:30:41)\n    at process.processTicksAndRejections (node:internal/process/task_queues:95:5)",
                "diff": null
              },
              "uuid": "09a9570a-290c-429d-bdfe-bdf9438d57c8",
              "parentUUID": "32ec728c-a694-4d1d-8290-f5105adc5ff3",
              "isHook": false,
              "skipped": false
            }
          ],
          "suites": [],
          "passes": [],
          "failures": [
            "09a9570a-290c-429d-bdfe-bdf9438d57c8"
          ],
          "pending": [],
          "skipped": [],
          "duration": 3775,
          "root": false,
          "rootEmpty": false,
          "_timeout": 0
        },
        {
          "uuid": "38f2153c-73c9-4554-b706-42cbd1080579",
          "title": "Add item to cart test",
          "fullFile": "C:\\Users\\asuszenbook\\Swag LabTest Automation\\test\\sortItem.js",
          "file": "\\test\\sortItem.js",
          "beforeHooks": [],
          "afterHooks": [],
          "tests": [
            {
              "title": "Login",
              "fullTitle": "Add item to cart test Login",
              "timedOut": false,
              "duration": 3565,
              "state": "failed",
              "speed": null,
              "pass": false,
              "fail": true,
              "pending": false,
              "context": null,
              "code": "driver = await new Builder().forBrowser(\"chrome\").build();\n        await driver.manage().window().maximize();\n        await driver.get(\"https://www.saucedemo.com/checkout-complete.html\");\n        await driver.findElement(By.id(\"user-name\")).sendKeys(\"standard_user\", Key.RETURN);\n        await driver.findElement(By.id(\"password\")).sendKeys(\"secret_sauce\",Key.RETURN);\n        await driver.findElement(By.id(\"login-button\")).click();\n        \n        // Verify successful login\n        let element = await driver.wait(until.elementsLocated(By.xpath(\"//*[@id='header_container']/div[1]/div[2]/div\")), 10000)\n        let actualTxt = await element.getText();\n        let expectedTxt = \"Swag Labs\";\n        expect(actualTxt).to.equal(expectedTxt);",
              "err": {
                "message": "NoSuchElementError: no such element: Unable to locate element: {\"method\":\"css selector\",\"selector\":\"*[id=\"login-button\"]\"}\n  (Session info: chrome=125.0.6422.142)",
                "estack": "NoSuchElementError: no such element: Unable to locate element: {\"method\":\"css selector\",\"selector\":\"*[id=\"login-button\"]\"}\n  (Session info: chrome=125.0.6422.142)\n    at Object.throwDecodedError (node_modules\\selenium-webdriver\\lib\\error.js:521:15)\n    at parseHttpResponse (node_modules\\selenium-webdriver\\lib\\http.js:514:13)\n    at Executor.execute (node_modules\\selenium-webdriver\\lib\\http.js:446:28)\n    at process.processTicksAndRejections (node:internal/process/task_queues:95:5)\n    at async Driver.execute (node_modules\\selenium-webdriver\\lib\\webdriver.js:740:17)\n    at async toWireValue (node_modules\\selenium-webdriver\\lib\\webdriver.js:146:15)\n    at async C:\\Users\\asuszenbook\\Swag LabTest Automation\\node_modules\\selenium-webdriver\\lib\\webdriver.js:192:16\n    at async forEachKey (node_modules\\selenium-webdriver\\lib\\webdriver.js:186:9)\n    at async convertKeys (node_modules\\selenium-webdriver\\lib\\webdriver.js:191:3)\n    at async Driver.execute (node_modules\\selenium-webdriver\\lib\\webdriver.js:738:22)\n    at async Context.<anonymous> (test\\sortItem.js:24:9)",
                "diff": null
              },
              "uuid": "5a30fdf6-cd4b-4b06-b137-90db1b942135",
              "parentUUID": "38f2153c-73c9-4554-b706-42cbd1080579",
              "isHook": false,
              "skipped": false
            },
            {
              "title": "Name (A to Z) sorting",
              "fullTitle": "Add item to cart test Name (A to Z) sorting",
              "timedOut": false,
              "duration": 775,
              "state": "failed",
              "speed": null,
              "pass": false,
              "fail": true,
              "pending": false,
              "context": null,
              "code": "await driver.get(\"https://www.saucedemo.com/inventory.html\");\n// Capture original list before sorting\nlet productElements = await driver.findElements(By.className(\"inventory_item_name\"));\nlet originalItems = await Promise.all(productElements.map(async (element) => await element.getText()));\n// Perform sorting action\nawait driver.findElement(By.className(\"product_sort_container\")).click();\nawait driver.findElement(By.xpath(`//option[contains(text(),'${optionTxt}')]`)).click();\n// Capture the sorted list\nlet sortedElements = await driver.findElements(By.className(\"inventory_item_name\"));\nlet sortedItems = await Promise.all(sortedElements.map(async (element) => await element.getText()));\n// Verify sorting order\nlet expectedSortedItems = originalItems.slice().sort(expectedOrder);\nexpect(sortedItems).to.deep.equal(expectedSortedItems);",
              "err": {
                "message": "TypeError: expect is not a function",
                "estack": "TypeError: expect is not a function\n    at Context.<anonymous> (test\\sortItem.js:66:13)\n    at process.processTicksAndRejections (node:internal/process/task_queues:95:5)",
                "diff": null
              },
              "uuid": "9437547d-62f7-4a11-85fe-e9831d798ef2",
              "parentUUID": "38f2153c-73c9-4554-b706-42cbd1080579",
              "isHook": false,
              "skipped": false
            },
            {
              "title": "Name (Z to A) sorting",
              "fullTitle": "Add item to cart test Name (Z to A) sorting",
              "timedOut": false,
              "duration": 576,
              "state": "failed",
              "speed": null,
              "pass": false,
              "fail": true,
              "pending": false,
              "context": null,
              "code": "await driver.get(\"https://www.saucedemo.com/inventory.html\");\n// Capture original list before sorting\nlet productElements = await driver.findElements(By.className(\"inventory_item_name\"));\nlet originalItems = await Promise.all(productElements.map(async (element) => await element.getText()));\n// Perform sorting action\nawait driver.findElement(By.className(\"product_sort_container\")).click();\nawait driver.findElement(By.xpath(`//option[contains(text(),'${optionTxt}')]`)).click();\n// Capture the sorted list\nlet sortedElements = await driver.findElements(By.className(\"inventory_item_name\"));\nlet sortedItems = await Promise.all(sortedElements.map(async (element) => await element.getText()));\n// Verify sorting order\nlet expectedSortedItems = originalItems.slice().sort(expectedOrder);\nexpect(sortedItems).to.deep.equal(expectedSortedItems);",
              "err": {
                "message": "TypeError: expect is not a function",
                "estack": "TypeError: expect is not a function\n    at Context.<anonymous> (test\\sortItem.js:66:13)\n    at process.processTicksAndRejections (node:internal/process/task_queues:95:5)",
                "diff": null
              },
              "uuid": "3fa5b85a-a5c5-408c-abaa-fac321efba9b",
              "parentUUID": "38f2153c-73c9-4554-b706-42cbd1080579",
              "isHook": false,
              "skipped": false
            },
            {
              "title": "Price (low to high) sorting",
              "fullTitle": "Add item to cart test Price (low to high) sorting",
              "timedOut": false,
              "duration": 412,
              "state": "failed",
              "speed": null,
              "pass": false,
              "fail": true,
              "pending": false,
              "context": null,
              "code": "await driver.get(\"https://www.saucedemo.com/inventory.html\");\n// Capture original list before sorting\nlet productElements = await driver.findElements(By.className(\"inventory_item_name\"));\nlet originalItems = await Promise.all(productElements.map(async (element) => await element.getText()));\n// Perform sorting action\nawait driver.findElement(By.className(\"product_sort_container\")).click();\nawait driver.findElement(By.xpath(`//option[contains(text(),'${optionTxt}')]`)).click();\n// Capture the sorted list\nlet sortedElements = await driver.findElements(By.className(\"inventory_item_name\"));\nlet sortedItems = await Promise.all(sortedElements.map(async (element) => await element.getText()));\n// Verify sorting order\nlet expectedSortedItems = originalItems.slice().sort(expectedOrder);\nexpect(sortedItems).to.deep.equal(expectedSortedItems);",
              "err": {
                "message": "TypeError: expect is not a function",
                "estack": "TypeError: expect is not a function\n    at Context.<anonymous> (test\\sortItem.js:66:13)\n    at process.processTicksAndRejections (node:internal/process/task_queues:95:5)",
                "diff": null
              },
              "uuid": "ffb8c355-fd98-4d78-8e2f-516304e9f6d8",
              "parentUUID": "38f2153c-73c9-4554-b706-42cbd1080579",
              "isHook": false,
              "skipped": false
            },
            {
              "title": "Price (high to low) sorting",
              "fullTitle": "Add item to cart test Price (high to low) sorting",
              "timedOut": false,
              "duration": 420,
              "state": "failed",
              "speed": null,
              "pass": false,
              "fail": true,
              "pending": false,
              "context": null,
              "code": "await driver.get(\"https://www.saucedemo.com/inventory.html\");\n// Capture original list before sorting\nlet productElements = await driver.findElements(By.className(\"inventory_item_name\"));\nlet originalItems = await Promise.all(productElements.map(async (element) => await element.getText()));\n// Perform sorting action\nawait driver.findElement(By.className(\"product_sort_container\")).click();\nawait driver.findElement(By.xpath(`//option[contains(text(),'${optionTxt}')]`)).click();\n// Capture the sorted list\nlet sortedElements = await driver.findElements(By.className(\"inventory_item_name\"));\nlet sortedItems = await Promise.all(sortedElements.map(async (element) => await element.getText()));\n// Verify sorting order\nlet expectedSortedItems = originalItems.slice().sort(expectedOrder);\nexpect(sortedItems).to.deep.equal(expectedSortedItems);",
              "err": {
                "message": "TypeError: expect is not a function",
                "estack": "TypeError: expect is not a function\n    at Context.<anonymous> (test\\sortItem.js:66:13)\n    at process.processTicksAndRejections (node:internal/process/task_queues:95:5)",
                "diff": null
              },
              "uuid": "1b4570b3-02ec-4df1-a3fc-b4d511943523",
              "parentUUID": "38f2153c-73c9-4554-b706-42cbd1080579",
              "isHook": false,
              "skipped": false
            }
          ],
          "suites": [],
          "passes": [],
          "failures": [
            "5a30fdf6-cd4b-4b06-b137-90db1b942135",
            "9437547d-62f7-4a11-85fe-e9831d798ef2",
            "3fa5b85a-a5c5-408c-abaa-fac321efba9b",
            "ffb8c355-fd98-4d78-8e2f-516304e9f6d8",
            "1b4570b3-02ec-4df1-a3fc-b4d511943523"
          ],
          "pending": [],
          "skipped": [],
          "duration": 5748,
          "root": false,
          "rootEmpty": false,
          "_timeout": 0
        }
      ],
      "passes": [],
      "failures": [],
      "pending": [],
      "skipped": [],
      "duration": 0,
      "root": true,
      "rootEmpty": true,
      "_timeout": 0
    }
  ],
  "meta": {
    "mocha": {
      "version": "10.4.0"
    },
    "mochawesome": {
      "options": {
        "quiet": false,
        "reportFilename": "mochawesome",
        "saveHtml": true,
        "saveJson": true,
        "consoleReporter": "spec",
        "useInlineDiffs": false,
        "code": true
      },
      "version": "7.1.3"
    },
    "marge": {
      "options": null,
      "version": "6.2.0"
    }
  }
}